<?xml version="1.0" encoding="UTF-8"?>
<!-- Generated by org.testng.reporters.JUnitXMLReporter -->
<testsuite ignored="0" hostname="MFX-GD381" failures="1" tests="1" name="Default test" time="111.5" errors="0" timestamp="2025-07-07T12:21:31 IST">
  <testcase classname="io.cucumber.testng.AbstractTestNGCucumberTests" name="runScenario" time="106.48">
    <failure type="com.microsoft.playwright.TimeoutError" message="Error {
  message=&amp;apos;Timeout 30000ms exceeded.
  name=&amp;apos;TimeoutError
  stack=&amp;apos;TimeoutError: Timeout 30000ms exceeded.
    at ProgressController.run (C:\Users\ITHANG~1\AppData\Local\Temp\playwright-java-1264880910824824539\package\lib\server\progress.js:75:26)
    at Frame.click (C:\Users\ITHANG~1\AppData\Local\Temp\playwright-java-1264880910824824539\package\lib\server\frames.js:1022:23)
    at FrameDispatcher.click (C:\Users\ITHANG~1\AppData\Local\Temp\playwright-java-1264880910824824539\package\lib\server\dispatchers\frameDispatcher.js:158:30)
    at FrameDispatcher._handleCommand (C:\Users\ITHANG~1\AppData\Local\Temp\playwright-java-1264880910824824539\package\lib\server\dispatchers\dispatcher.js:94:40)
    at DispatcherConnection.dispatch (C:\Users\ITHANG~1\AppData\Local\Temp\playwright-java-1264880910824824539\package\lib\server\dispatchers\dispatcher.js:361:39)
}
Call log:
-   - waiting for locator(&amp;quot;//button[contains(text(), &amp;apos;Add&amp;apos;)]&amp;quot;)
-     - locator resolved to &amp;lt;button class=&amp;quot;primary-button&amp;quot; _ngcontent-ng-c2983480708=&amp;quot;&amp;quot;&amp;gt; + Add Group &amp;lt;/button&amp;gt;
-   - attempting click action
-     2 × waiting for element to be visible, enabled and stable
-       - element is visible, enabled and stable
-       - scrolling into view if needed
-       - done scrolling
-       - &amp;lt;div _ngcontent-ng-c2593840173=&amp;quot;&amp;quot; class=&amp;quot;mobile-nav-list g-32 justify-between active&amp;quot;&amp;gt;…&amp;lt;/div&amp;gt; from &amp;lt;nav class=&amp;quot;navbar nav bg-white&amp;quot; _ngcontent-ng-c2593840173=&amp;quot;&amp;quot;&amp;gt;…&amp;lt;/nav&amp;gt; subtree intercepts pointer events
-     - retrying click action
-     - waiting 20ms
-     2 × waiting for element to be visible, enabled and stable
-       - element is visible, enabled and stable
-       - scrolling into view if needed
-       - done scrolling
-       - &amp;lt;div _ngcontent-ng-c2593840173=&amp;quot;&amp;quot; class=&amp;quot;mobile-nav-list g-32 justify-between active&amp;quot;&amp;gt;…&amp;lt;/div&amp;gt; from &amp;lt;nav class=&amp;quot;navbar nav bg-white&amp;quot; _ngcontent-ng-c2593840173=&amp;quot;&amp;quot;&amp;gt;…&amp;lt;/nav&amp;gt; subtree intercepts pointer events
-     - retrying click action
-       - waiting 100ms
-     57 × waiting for element to be visible, enabled and stable
-        - element is visible, enabled and stable
-        - scrolling into view if needed
-        - done scrolling
-        - &amp;lt;div _ngcontent-ng-c2593840173=&amp;quot;&amp;quot; class=&amp;quot;mobile-nav-list g-32 justify-between active&amp;quot;&amp;gt;…&amp;lt;/div&amp;gt; from &amp;lt;nav class=&amp;quot;navbar nav bg-white&amp;quot; _ngcontent-ng-c2593840173=&amp;quot;&amp;quot;&amp;gt;…&amp;lt;/nav&amp;gt; subtree intercepts pointer events
-      - retrying click action
-        - waiting 500ms
">
      <![CDATA[com.microsoft.playwright.TimeoutError: Error {
  message='Timeout 30000ms exceeded.
  name='TimeoutError
  stack='TimeoutError: Timeout 30000ms exceeded.
    at ProgressController.run (C:\Users\ITHANG~1\AppData\Local\Temp\playwright-java-1264880910824824539\package\lib\server\progress.js:75:26)
    at Frame.click (C:\Users\ITHANG~1\AppData\Local\Temp\playwright-java-1264880910824824539\package\lib\server\frames.js:1022:23)
    at FrameDispatcher.click (C:\Users\ITHANG~1\AppData\Local\Temp\playwright-java-1264880910824824539\package\lib\server\dispatchers\frameDispatcher.js:158:30)
    at FrameDispatcher._handleCommand (C:\Users\ITHANG~1\AppData\Local\Temp\playwright-java-1264880910824824539\package\lib\server\dispatchers\dispatcher.js:94:40)
    at DispatcherConnection.dispatch (C:\Users\ITHANG~1\AppData\Local\Temp\playwright-java-1264880910824824539\package\lib\server\dispatchers\dispatcher.js:361:39)
}
Call log:
-   - waiting for locator("//button[contains(text(), 'Add')]")
-     - locator resolved to <button class="primary-button" _ngcontent-ng-c2983480708=""> + Add Group </button>
-   - attempting click action
-     2 × waiting for element to be visible, enabled and stable
-       - element is visible, enabled and stable
-       - scrolling into view if needed
-       - done scrolling
-       - <div _ngcontent-ng-c2593840173="" class="mobile-nav-list g-32 justify-between active">…</div> from <nav class="navbar nav bg-white" _ngcontent-ng-c2593840173="">…</nav> subtree intercepts pointer events
-     - retrying click action
-     - waiting 20ms
-     2 × waiting for element to be visible, enabled and stable
-       - element is visible, enabled and stable
-       - scrolling into view if needed
-       - done scrolling
-       - <div _ngcontent-ng-c2593840173="" class="mobile-nav-list g-32 justify-between active">…</div> from <nav class="navbar nav bg-white" _ngcontent-ng-c2593840173="">…</nav> subtree intercepts pointer events
-     - retrying click action
-       - waiting 100ms
-     57 × waiting for element to be visible, enabled and stable
-        - element is visible, enabled and stable
-        - scrolling into view if needed
-        - done scrolling
-        - <div _ngcontent-ng-c2593840173="" class="mobile-nav-list g-32 justify-between active">…</div> from <nav class="navbar nav bg-white" _ngcontent-ng-c2593840173="">…</nav> subtree intercepts pointer events
-      - retrying click action
-        - waiting 500ms

at com.microsoft.playwright.impl.WaitableResult.get(WaitableResult.java:52)
at com.microsoft.playwright.impl.ChannelOwner.runUntil(ChannelOwner.java:132)
at com.microsoft.playwright.impl.Connection.sendMessage(Connection.java:130)
at com.microsoft.playwright.impl.ChannelOwner.sendMessage(ChannelOwner.java:118)
at com.microsoft.playwright.impl.FrameImpl.clickImpl(FrameImpl.java:252)
at com.microsoft.playwright.impl.FrameImpl.lambda$click$8(FrameImpl.java:243)
at com.microsoft.playwright.impl.LoggingSupport.lambda$withLogging$0(LoggingSupport.java:36)
at com.microsoft.playwright.impl.LoggingSupport.withLogging(LoggingSupport.java:47)
at com.microsoft.playwright.impl.ChannelOwner.withLogging(ChannelOwner.java:97)
at com.microsoft.playwright.impl.LoggingSupport.withLogging(LoggingSupport.java:35)
at com.microsoft.playwright.impl.FrameImpl.click(FrameImpl.java:243)
at com.microsoft.playwright.impl.LocatorImpl.click(LocatorImpl.java:175)
at com.microsoft.playwright.Locator.click(Locator.java:2493)
at pages.Superuser.createSuperuser(Superuser.java:81)
at stepDefinition.LoginStep.user_creates_superuser_account_with_valid_credentials(LoginStep.java:32)
at ✽.user creates superuser account with valid credentials(file:///C:/Users/ithangavel/eclipse-workspace/Playwright_3/src/main/resources/Features/Login.feature:6)
Caused by: com.microsoft.playwright.TimeoutError: Error {
  message='Timeout 30000ms exceeded.
  name='TimeoutError
  stack='TimeoutError: Timeout 30000ms exceeded.
    at ProgressController.run (C:\Users\ITHANG~1\AppData\Local\Temp\playwright-java-1264880910824824539\package\lib\server\progress.js:75:26)
    at Frame.click (C:\Users\ITHANG~1\AppData\Local\Temp\playwright-java-1264880910824824539\package\lib\server\frames.js:1022:23)
    at FrameDispatcher.click (C:\Users\ITHANG~1\AppData\Local\Temp\playwright-java-1264880910824824539\package\lib\server\dispatchers\frameDispatcher.js:158:30)
    at FrameDispatcher._handleCommand (C:\Users\ITHANG~1\AppData\Local\Temp\playwright-java-1264880910824824539\package\lib\server\dispatchers\dispatcher.js:94:40)
    at DispatcherConnection.dispatch (C:\Users\ITHANG~1\AppData\Local\Temp\playwright-java-1264880910824824539\package\lib\server\dispatchers\dispatcher.js:361:39)
}
Call log:
-   - waiting for locator("//button[contains(text(), 'Add')]")
-     - locator resolved to <button class="primary-button" _ngcontent-ng-c2983480708=""> + Add Group </button>
-   - attempting click action
-     2 × waiting for element to be visible, enabled and stable
-       - element is visible, enabled and stable
-       - scrolling into view if needed
-       - done scrolling
-       - <div _ngcontent-ng-c2593840173="" class="mobile-nav-list g-32 justify-between active">…</div> from <nav class="navbar nav bg-white" _ngcontent-ng-c2593840173="">…</nav> subtree intercepts pointer events
-     - retrying click action
-     - waiting 20ms
-     2 × waiting for element to be visible, enabled and stable
-       - element is visible, enabled and stable
-       - scrolling into view if needed
-       - done scrolling
-       - <div _ngcontent-ng-c2593840173="" class="mobile-nav-list g-32 justify-between active">…</div> from <nav class="navbar nav bg-white" _ngcontent-ng-c2593840173="">…</nav> subtree intercepts pointer events
-     - retrying click action
-       - waiting 100ms
-     57 × waiting for element to be visible, enabled and stable
-        - element is visible, enabled and stable
-        - scrolling into view if needed
-        - done scrolling
-        - <div _ngcontent-ng-c2593840173="" class="mobile-nav-list g-32 justify-between active">…</div> from <nav class="navbar nav bg-white" _ngcontent-ng-c2593840173="">…</nav> subtree intercepts pointer events
-      - retrying click action
-        - waiting 500ms

at com.microsoft.playwright.impl.Connection.dispatch(Connection.java:254)
at com.microsoft.playwright.impl.Connection.processOneMessage(Connection.java:211)
at com.microsoft.playwright.impl.ChannelOwner.runUntil(ChannelOwner.java:130)
at com.microsoft.playwright.impl.Connection.sendMessage(Connection.java:130)
at com.microsoft.playwright.impl.ChannelOwner.sendMessage(ChannelOwner.java:118)
at com.microsoft.playwright.impl.FrameImpl.clickImpl(FrameImpl.java:252)
at com.microsoft.playwright.impl.FrameImpl.lambda$click$8(FrameImpl.java:243)
at com.microsoft.playwright.impl.LoggingSupport.lambda$withLogging$0(LoggingSupport.java:36)
at com.microsoft.playwright.impl.LoggingSupport.withLogging(LoggingSupport.java:47)
at com.microsoft.playwright.impl.ChannelOwner.withLogging(ChannelOwner.java:97)
at com.microsoft.playwright.impl.LoggingSupport.withLogging(LoggingSupport.java:35)
at com.microsoft.playwright.impl.FrameImpl.click(FrameImpl.java:243)
at com.microsoft.playwright.impl.LocatorImpl.click(LocatorImpl.java:175)
at com.microsoft.playwright.Locator.click(Locator.java:2493)
at pages.Superuser.createSuperuser(Superuser.java:81)
at stepDefinition.LoginStep.user_creates_superuser_account_with_valid_credentials(LoginStep.java:32)
at java.base/jdk.internal.reflect.DirectMethodHandleAccessor.invoke(DirectMethodHandleAccessor.java:103)
at java.base/java.lang.reflect.Method.invoke(Method.java:580)
at io.cucumber.java.Invoker.doInvoke(Invoker.java:66)
at io.cucumber.java.Invoker.invoke(Invoker.java:24)
at io.cucumber.java.AbstractGlueDefinition.invokeMethod(AbstractGlueDefinition.java:47)
at io.cucumber.java.JavaStepDefinition.execute(JavaStepDefinition.java:29)
at io.cucumber.core.runner.CoreStepDefinition.execute(CoreStepDefinition.java:66)
at io.cucumber.core.runner.PickleStepDefinitionMatch.runStep(PickleStepDefinitionMatch.java:63)
at io.cucumber.core.runner.ExecutionMode$1.execute(ExecutionMode.java:10)
at io.cucumber.core.runner.TestStep.executeStep(TestStep.java:84)
at io.cucumber.core.runner.TestStep.run(TestStep.java:56)
at io.cucumber.core.runner.PickleStepTestStep.run(PickleStepTestStep.java:51)
at io.cucumber.core.runner.TestCase.run(TestCase.java:84)
at io.cucumber.core.runner.Runner.runPickle(Runner.java:75)
at io.cucumber.testng.TestNGCucumberRunner.lambda$runScenario$1(TestNGCucumberRunner.java:132)
at io.cucumber.core.runtime.CucumberExecutionContext.lambda$runTestCase$5(CucumberExecutionContext.java:137)
at io.cucumber.core.runtime.RethrowingThrowableCollector.executeAndThrow(RethrowingThrowableCollector.java:23)
at io.cucumber.core.runtime.CucumberExecutionContext.runTestCase(CucumberExecutionContext.java:137)
at io.cucumber.testng.TestNGCucumberRunner.runScenario(TestNGCucumberRunner.java:129)
at io.cucumber.testng.AbstractTestNGCucumberTests.runScenario(AbstractTestNGCucumberTests.java:35)
at java.base/jdk.internal.reflect.DirectMethodHandleAccessor.invoke(DirectMethodHandleAccessor.java:103)
at java.base/java.lang.reflect.Method.invoke(Method.java:580)
at org.testng.internal.invokers.MethodInvocationHelper.invokeMethod(MethodInvocationHelper.java:141)
at org.testng.internal.invokers.TestInvoker.invokeMethod(TestInvoker.java:687)
at org.testng.internal.invokers.TestInvoker.invokeTestMethod(TestInvoker.java:230)
at org.testng.internal.invokers.MethodRunner.runInSequence(MethodRunner.java:63)
at org.testng.internal.invokers.TestInvoker$MethodInvocationAgent.invoke(TestInvoker.java:995)
at org.testng.internal.invokers.TestInvoker.invokeTestMethods(TestInvoker.java:203)
at org.testng.internal.invokers.TestMethodWorker.invokeTestMethods(TestMethodWorker.java:154)
at org.testng.internal.invokers.TestMethodWorker.run(TestMethodWorker.java:134)
at java.base/java.util.ArrayList.forEach(ArrayList.java:1596)
at org.testng.TestRunner.privateRun(TestRunner.java:741)
at org.testng.TestRunner.run(TestRunner.java:616)
at org.testng.SuiteRunner.runTest(SuiteRunner.java:421)
at org.testng.SuiteRunner.runSequentially(SuiteRunner.java:413)
at org.testng.SuiteRunner.privateRun(SuiteRunner.java:373)
at org.testng.SuiteRunner.run(SuiteRunner.java:312)
at org.testng.SuiteRunnerWorker.runSuite(SuiteRunnerWorker.java:52)
at org.testng.SuiteRunnerWorker.run(SuiteRunnerWorker.java:95)
at org.testng.TestNG.runSuitesSequentially(TestNG.java:1274)
at org.testng.TestNG.runSuitesLocally(TestNG.java:1208)
at org.testng.TestNG.runSuites(TestNG.java:1112)
at org.testng.TestNG.run(TestNG.java:1079)
at org.testng.remote.AbstractRemoteTestNG.run(AbstractRemoteTestNG.java:115)
at org.testng.remote.RemoteTestNG.initAndRun(RemoteTestNG.java:293)
at org.testng.remote.RemoteTestNG.main(RemoteTestNG.java:91)
]]>
    </failure>
  </testcase> <!-- runScenario -->
</testsuite> <!-- Default test -->
