<?xml version="1.0" encoding="UTF-8"?>
<!-- Generated by org.testng.reporters.JUnitReportReporter -->
<testsuite hostname="MFX-GD381" failures="0" tests="1" name="testRunner.Runner2" time="942.143" errors="1" timestamp="2025-04-01T16:47:55 IST" skipped="0">
  <testcase classname="testRunner.Runner2" name="runScenario" time="942.143">
    <error message="ScreenCapture&#039;s base64 string must not be null or empty" type="java.lang.IllegalArgumentException">
      <![CDATA[java.lang.IllegalArgumentException: ScreenCapture's base64 string must not be null or empty
at com.aventstack.extentreports.util.Assert.notEmpty(Assert.java:12)
at com.aventstack.extentreports.MediaEntityBuilder.createScreenCaptureFromBase64String(MediaEntityBuilder.java:44)
at com.aventstack.extentreports.MediaEntityBuilder.createScreenCaptureFromBase64String(MediaEntityBuilder.java:52)
at utility.ResultClass.logMessageHtmlScreenshot(ResultClass.java:94)
at utility.ResultClass.logFail(ResultClass.java:234)
at pages.Keyfacts.keyfacts(Keyfacts.java:59)
at stepDefinition.FNOLStep.enter_key_facts_details(FNOLStep.java:35)
at ✽.enter key facts details(file:///C:/Users/ithangavel/eclipse-workspace/Playwright_28/Playwright_DEMO/src/main/resources/Features/Login.feature:35)
]]>
    </error>
  </testcase> <!-- runScenario -->
</testsuite> <!-- testRunner.Runner2 -->
